<?xml version="1.0" encoding="UTF-8"?>
<testsuite xmlns:xsi="http://www.w3.org/2001/XMLSchema-instance" xsi:noNamespaceSchemaLocation="https://maven.apache.org/surefire/maven-surefire-plugin/xsd/surefire-test-report.xsd" name="com.example.todolist.controller.TodoControllerTest" time="5.804" tests="5" errors="0" skipped="0" failures="0">
  <properties>
[...]
</properties>
  <testcase name="testUpdateTodoStatus" classname="com.example.todolist.controller.TodoControllerTest" time="0.216"/>
  <testcase name="testAddTodo" classname="com.example.todolist.controller.TodoControllerTest" time="0.106"/>
  <testcase name="testGetAllTodos" classname="com.example.todolist.controller.TodoControllerTest" time="0.01"/>
  <testcase name="testAddTodoValidation" classname="com.example.todolist.controller.TodoControllerTest" time="0.021"/>
  <testcase name="testDeleteTodo" classname="com.example.todolist.controller.TodoControllerTest" time="0.01"/>
</testsuite>